<?xml version="1.0" encoding="UTF-8"?>
<!-- Generated by org.testng.reporters.JUnitReportReporter -->
<testsuite hostname="DESKTOP-FNF33OK" failures="0" tests="1" name="test.BookingTest" time="5.848" errors="0" timestamp="2025-01-09T19:54:19 IST" skipped="0">
  <testcase classname="test.BookingTest" name="testAPi" time="5.848"/>
</testsuite> <!-- test.BookingTest -->
